Flutter crash report.
Please report a bug at https://github.com/flutter/flutter/issues.

## command

flutter assemble --no-version-check --output=/Users/alkanatas34/Library/Developer/Xcode/DerivedData/Runner-dakpmnneczsuyneqknzahtfpmxyq/Build/Products/Debug-xrsimulator/ -dTargetPlatform=ios -dTargetFile=/Users/alkanatas34/Documents/GitHub/siparis_takip_sistemi_pro/lib/main.dart -dBuildMode=debug -dIosArchs=arm64 -dSdkRoot=/Applications/Xcode.app/Contents/Developer/Platforms/XRSimulator.platform/Developer/SDKs/XRSimulator1.0.sdk -dSplitDebugInfo= -dTreeShakeIcons=false -dTrackWidgetCreation=true -dDartObfuscation=false -dAction=build -dFrontendServerStarterPath= --ExtraGenSnapshotOptions= --DartDefines=RkxVVFRFUl9XRUJfQVVUT19ERVRFQ1Q9dHJ1ZQ==,RkxVVFRFUl9XRUJfQ0FOVkFTS0lUX1VSTD1odHRwczovL3d3dy5nc3RhdGljLmNvbS9mbHV0dGVyLWNhbnZhc2tpdC8zOWM2ZGM5YmRkM2JhMmJjMzg3ZTZlMTRiNzJmY2U1ZjQ2YWJmY2FlLw== --ExtraFrontEndOptions= -dCodesignIdentity=- debug_ios_bundle_flutter_assets

## exception

_TypeError: Null check operator used on a null value

```
#0      NativeAssets.build (package:flutter_tools/src/build_system/targets/native_assets.dart:99:110)
<asynchronous suspension>
#1      _BuildInstance._invokeInternal (package:flutter_tools/src/build_system/build_system.dart:861:9)
<asynchronous suspension>
#2      Future.wait.<anonymous closure> (dart:async/future.dart:518:21)
<asynchronous suspension>
#3      _BuildInstance.invokeTarget (package:flutter_tools/src/build_system/build_system.dart:799:32)
<asynchronous suspension>
#4      Future.wait.<anonymous closure> (dart:async/future.dart:518:21)
<asynchronous suspension>
#5      _BuildInstance.invokeTarget (package:flutter_tools/src/build_system/build_system.dart:799:32)
<asynchronous suspension>
#6      FlutterBuildSystem.build (package:flutter_tools/src/build_system/build_system.dart:628:16)
<asynchronous suspension>
#7      AssembleCommand.runCommand (package:flutter_tools/src/commands/assemble.dart:316:32)
<asynchronous suspension>
#8      FlutterCommand.run.<anonymous closure> (package:flutter_tools/src/runner/flutter_command.dart:1388:27)
<asynchronous suspension>
#9      AppContext.run.<anonymous closure> (package:flutter_tools/src/base/context.dart:153:19)
<asynchronous suspension>
#10     CommandRunner.runCommand (package:args/command_runner.dart:212:13)
<asynchronous suspension>
#11     FlutterCommandRunner.runCommand.<anonymous closure> (package:flutter_tools/src/runner/flutter_command_runner.dart:349:9)
<asynchronous suspension>
#12     AppContext.run.<anonymous closure> (package:flutter_tools/src/base/context.dart:153:19)
<asynchronous suspension>
#13     FlutterCommandRunner.runCommand (package:flutter_tools/src/runner/flutter_command_runner.dart:294:5)
<asynchronous suspension>
#14     run.<anonymous closure>.<anonymous closure> (package:flutter_tools/runner.dart:119:9)
<asynchronous suspension>
#15     AppContext.run.<anonymous closure> (package:flutter_tools/src/base/context.dart:153:19)
<asynchronous suspension>
#16     main (package:flutter_tools/executable.dart:90:3)
<asynchronous suspension>
```

## flutter doctor

```
[!] Flutter (Channel beta, 3.18.0-0.2.pre, on macOS 14.3 23D5033f darwin-arm64, locale en-TR)
    • Flutter version 3.18.0-0.2.pre on channel beta at /Users/alkanatas34/development/flutter
    ! The flutter binary is not on your path. Consider adding /Users/alkanatas34/development/flutter/bin to your path.
    ! The dart binary is not on your path. Consider adding /Users/alkanatas34/development/flutter/bin to your path.
    • Upstream repository https://github.com/flutter/flutter.git
    • Framework revision fed06b31d9 (4 weeks ago), 2023-12-13 14:53:33 -0800
    • Engine revision 39c6dc9bdd
    • Dart version 3.3.0 (build 3.3.0-174.3.beta)
    • DevTools version 2.30.0
    • If those were intentional, you can disregard the above warnings; however it is recommended to use "git" directly to perform update checks and upgrades.

[✓] Android toolchain - develop for Android devices (Android SDK version 34.0.0)
    • Android SDK at /Users/alkanatas34/Library/Android/sdk
    • Platform android-34, build-tools 34.0.0
    • Java binary at: /Applications/Android Studio.app/Contents/jbr/Contents/Home/bin/java
    • Java version OpenJDK Runtime Environment (build 17.0.7+0-17.0.7b1000.6-10550314)
    • All Android licenses accepted.

[!] Xcode - develop for iOS and macOS (Xcode 15.2)
    • Xcode at /Applications/Xcode.app/Contents/Developer
    • Build 15C500b
    ✗ CocoaPods not installed.
        CocoaPods is used to retrieve the iOS and macOS platform side's plugin code that responds to your plugin usage on the Dart side.
        Without CocoaPods, plugins will not work on iOS or macOS.
        For more info, see https://flutter.dev/platform-plugins
      To install see https://guides.cocoapods.org/using/getting-started.html#installation for instructions.

[✓] Chrome - develop for the web
    • Chrome at /Applications/Google Chrome.app/Contents/MacOS/Google Chrome

[✓] Android Studio (version 2023.1)
    • Android Studio at /Applications/Android Studio.app/Contents
    • Flutter plugin can be installed from:
      🔨 https://plugins.jetbrains.com/plugin/9212-flutter
    • Dart plugin can be installed from:
      🔨 https://plugins.jetbrains.com/plugin/6351-dart
    • Java version OpenJDK Runtime Environment (build 17.0.7+0-17.0.7b1000.6-10550314)

[✓] VS Code (version 1.85.1)
    • VS Code at /Applications/Visual Studio Code.app/Contents
    • Flutter extension version 3.80.0

[✓] Connected device (2 available)
    • macOS (desktop) • macos  • darwin-arm64   • macOS 14.3 23D5033f darwin-arm64
    • Chrome (web)    • chrome • web-javascript • Google Chrome 120.0.6099.199

[✓] Network resources
    • All expected network resources are available.

! Doctor found issues in 2 categories.
```
